<?xml version="1.0" encoding="UTF-8"?>
<!-- Generated by org.testng.reporters.JUnitReportReporter -->
<testsuite skipped="0" hostname="ESPLD126" name="com.crm.qa.testcases.ContactPageTest" tests="6" failures="0" timestamp="09 Sep 2019 06:39:34 GMT" time="151.586" errors="0">
  <testcase name="verfyContactspageLabel" time="19.240" classname="com.crm.qa.testcases.ContactPageTest"/>
  <testcase name="selectContactsTest" time="20.157" classname="com.crm.qa.testcases.ContactPageTest"/>
  <testcase name="selectMultipleContactsTest" time="20.239" classname="com.crm.qa.testcases.ContactPageTest"/>
  <testcase name="validateCreateNewContact" time="22.438" classname="com.crm.qa.testcases.ContactPageTest"/>
  <testcase name="validateCreateNewContact" time="30.828" classname="com.crm.qa.testcases.ContactPageTest"/>
  <testcase name="validateCreateNewContact" time="38.684" classname="com.crm.qa.testcases.ContactPageTest"/>
</testsuite> <!-- com.crm.qa.testcases.ContactPageTest -->
